[10-Aug-2020 09:36:19] NOTICE: fpm is running, pid 12954
[10-Aug-2020 09:36:19] NOTICE: ready to handle connections
[10-Aug-2020 11:53:19] NOTICE: Terminating ...
[10-Aug-2020 11:53:19] NOTICE: Terminating ...
[10-Aug-2020 11:53:19] NOTICE: exiting, bye-bye!
[13-Aug-2020 10:57:31] NOTICE: fpm is running, pid 3824
[13-Aug-2020 10:57:31] NOTICE: ready to handle connections
[13-Aug-2020 11:26:54] NOTICE: Terminating ...
[13-Aug-2020 11:26:54] NOTICE: Terminating ...
[13-Aug-2020 11:26:54] NOTICE: exiting, bye-bye!
[13-Aug-2020 11:27:09] NOTICE: fpm is running, pid 4213
[13-Aug-2020 11:27:09] NOTICE: ready to handle connections
[13-Aug-2020 12:18:17] NOTICE: Terminating ...
[13-Aug-2020 12:18:17] NOTICE: Terminating ...
[13-Aug-2020 12:18:17] NOTICE: exiting, bye-bye!
[13-Aug-2020 12:18:51] NOTICE: fpm is running, pid 4614
[13-Aug-2020 12:18:51] NOTICE: ready to handle connections
[13-Aug-2020 14:55:49] NOTICE: Terminating ...
[13-Aug-2020 14:55:49] NOTICE: Terminating ...
[13-Aug-2020 14:55:49] NOTICE: exiting, bye-bye!
[13-Aug-2020 14:55:57] NOTICE: fpm is running, pid 5376
[13-Aug-2020 14:55:57] NOTICE: ready to handle connections
[13-Aug-2020 16:27:11] NOTICE: Terminating ...
[13-Aug-2020 16:27:11] NOTICE: Terminating ...
[13-Aug-2020 16:27:11] NOTICE: exiting, bye-bye!
[14-Aug-2020 07:49:53] NOTICE: fpm is running, pid 7736
[14-Aug-2020 07:49:53] NOTICE: ready to handle connections
[14-Aug-2020 16:09:54] NOTICE: Terminating ...
[14-Aug-2020 16:09:54] NOTICE: Terminating ...
[14-Aug-2020 16:09:54] NOTICE: exiting, bye-bye!
[17-Aug-2020 08:08:09] NOTICE: fpm is running, pid 20225
[17-Aug-2020 08:08:09] NOTICE: ready to handle connections
[17-Aug-2020 08:33:35] NOTICE: Terminating ...
[17-Aug-2020 08:33:35] NOTICE: Terminating ...
[17-Aug-2020 08:33:35] NOTICE: exiting, bye-bye!
[18-Aug-2020 07:01:50] NOTICE: fpm is running, pid 2432
[18-Aug-2020 07:01:50] NOTICE: ready to handle connections
[18-Aug-2020 08:24:21] NOTICE: Terminating ...
[18-Aug-2020 08:24:21] NOTICE: Terminating ...
[18-Aug-2020 08:24:21] NOTICE: exiting, bye-bye!
[19-Aug-2020 06:00:54] NOTICE: fpm is running, pid 1167
[19-Aug-2020 06:00:54] NOTICE: ready to handle connections
[19-Aug-2020 06:00:55] WARNING: [pool www] child 1177 exited on signal 11 (SIGSEGV) after 1.155347 seconds from start
[19-Aug-2020 06:00:55] NOTICE: [pool www] child 1187 started
[19-Aug-2020 07:51:14] NOTICE: Terminating ...
[19-Aug-2020 07:51:14] NOTICE: Terminating ...
[19-Aug-2020 07:51:14] NOTICE: exiting, bye-bye!
[20-Aug-2020 11:40:46] NOTICE: fpm is running, pid 17074
[20-Aug-2020 11:40:46] NOTICE: ready to handle connections
[20-Aug-2020 12:47:46] NOTICE: Terminating ...
[20-Aug-2020 12:47:46] NOTICE: Terminating ...
[20-Aug-2020 12:47:46] NOTICE: exiting, bye-bye!
[20-Aug-2020 12:47:55] NOTICE: fpm is running, pid 17489
[20-Aug-2020 12:47:55] NOTICE: ready to handle connections
[21-Aug-2020 08:32:31] NOTICE: Terminating ...
[21-Aug-2020 08:32:31] NOTICE: Terminating ...
[21-Aug-2020 08:32:31] NOTICE: exiting, bye-bye!
[26-Aug-2020 17:14:21] NOTICE: fpm is running, pid 17800
[26-Aug-2020 17:14:21] NOTICE: ready to handle connections
[26-Aug-2020 17:26:15] NOTICE: Terminating ...
[26-Aug-2020 17:26:15] NOTICE: Terminating ...
[26-Aug-2020 17:26:15] NOTICE: exiting, bye-bye!
[26-Aug-2020 17:26:19] NOTICE: fpm is running, pid 18046
[26-Aug-2020 17:26:19] NOTICE: ready to handle connections
[26-Aug-2020 17:31:23] NOTICE: Terminating ...
[26-Aug-2020 17:31:23] NOTICE: Terminating ...
[26-Aug-2020 17:31:23] NOTICE: exiting, bye-bye!
[26-Aug-2020 17:33:35] NOTICE: fpm is running, pid 18910
[26-Aug-2020 17:33:35] NOTICE: ready to handle connections
[26-Aug-2020 17:38:26] NOTICE: Terminating ...
[26-Aug-2020 17:38:26] NOTICE: Terminating ...
[26-Aug-2020 17:38:26] NOTICE: exiting, bye-bye!
[26-Aug-2020 17:39:12] NOTICE: fpm is running, pid 19628
[26-Aug-2020 17:39:12] NOTICE: ready to handle connections
[26-Aug-2020 22:11:18] NOTICE: Terminating ...
[26-Aug-2020 22:11:18] NOTICE: Terminating ...
[26-Aug-2020 22:11:18] NOTICE: exiting, bye-bye!
[27-Aug-2020 08:54:31] NOTICE: fpm is running, pid 23367
[27-Aug-2020 08:54:31] NOTICE: ready to handle connections
[27-Aug-2020 10:29:06] NOTICE: Terminating ...
[27-Aug-2020 10:29:06] NOTICE: Terminating ...
[27-Aug-2020 10:29:06] NOTICE: exiting, bye-bye!
[31-Aug-2020 12:48:45] NOTICE: fpm is running, pid 5911
[31-Aug-2020 12:48:45] NOTICE: ready to handle connections
[31-Aug-2020 14:23:08] NOTICE: Terminating ...
[31-Aug-2020 14:23:08] NOTICE: Terminating ...
[31-Aug-2020 14:23:08] NOTICE: exiting, bye-bye!
[03-Sep-2020 08:54:28] NOTICE: fpm is running, pid 28249
[03-Sep-2020 08:54:28] NOTICE: ready to handle connections
